[debug] [2022-05-24T20:58:20.625Z] ----------------------------------------------------------------------
[debug] [2022-05-24T20:58:20.627Z] Command:       C:\Program Files\nodejs\node.exe C:\Users\Abano\AppData\Roaming\npm\node_modules\firebase-tools\lib\bin\firebase.js init
[debug] [2022-05-24T20:58:20.627Z] CLI Version:   11.0.0
[debug] [2022-05-24T20:58:20.627Z] Platform:      win32
[debug] [2022-05-24T20:58:20.627Z] Node Version:  v16.15.0
[debug] [2022-05-24T20:58:20.628Z] Time:          Tue May 24 2022 22:58:20 GMT+0200 (Eastern European Standard Time)
[debug] [2022-05-24T20:58:20.628Z] ----------------------------------------------------------------------
[debug] 
[debug] [2022-05-24T20:58:20.635Z] > command requires scopes: ["email","openid","https://www.googleapis.com/auth/cloudplatformprojects.readonly","https://www.googleapis.com/auth/firebase","https://www.googleapis.com/auth/cloud-platform"]
[debug] [2022-05-24T20:58:20.635Z] > authorizing via signed-in user (vibes.io@yahoo.com)
[info] 
     ######## #### ########  ######## ########     ###     ######  ########
     ##        ##  ##     ## ##       ##     ##  ##   ##  ##       ##
     ######    ##  ########  ######   ########  #########  ######  ######
     ##        ##  ##    ##  ##       ##     ## ##     ##       ## ##
     ##       #### ##     ## ######## ########  ##     ##  ######  ########

You're about to initialize a Firebase project in this directory:

  D:\Apps\vibes\vibes

[info] 
=== Project Setup
[info] 
[info] First, let's associate this project directory with a Firebase project.
[info] You can create multiple project aliases by running firebase use --add, 
[info] but for now we'll just set up a default project.
[info] 
